<?xml version="1.0" encoding="UTF-8"?>
<!-- Generated by org.testng.reporters.JUnitReportReporter -->
<testsuite hostname="DESKTOP-BB8B5MG" failures="0" tests="2" name="tests.E2ETest" time="7.851" errors="0" timestamp="2026-03-19T20:49:29 SGT" skipped="1">
  <testcase classname="tests.E2ETest" name="testCheckoutFlow" time="4.416"/>
  <testcase classname="tests.E2ETest" name="testCheckoutFlow" time="3.435">
    <skipped/>
  </testcase> <!-- testCheckoutFlow -->
</testsuite> <!-- tests.E2ETest -->
